<?xml version="1.0" encoding="UTF-8"?>
<!-- Generated by org.testng.reporters.JUnitReportReporter -->
<testsuite skipped="0" hostname="ASHWINI-PC" name="com.gp.testcases.TC_AddCustomerTest_003" tests="1" failures="0" timestamp="13 Sep 2021 19:04:27 GMT" time="12.407" errors="0">
  <testcase name="addNewCustomer" time="12.407" classname="com.gp.testcases.TC_AddCustomerTest_003"/>
</testsuite> <!-- com.gp.testcases.TC_AddCustomerTest_003 -->
