<?xml version="1.0" encoding="UTF-8"?>
<!-- Generated by org.testng.reporters.JUnitReportReporter -->
<testsuite skipped="0" hostname="ASHWINI-PC" name="com.gp.testcases.LoginTestGP" tests="1" failures="0" timestamp="12 Sep 2021 11:00:05 GMT" time="6.589" errors="0">
  <testcase name="loginApp" time="6.589" classname="com.gp.testcases.LoginTestGP"/>
</testsuite> <!-- com.gp.testcases.LoginTestGP -->
